<?xml version="1.0" encoding="UTF-8"?>
<testng-results ignored="0" total="1" passed="1" failed="0" skipped="0">
  <reporter-output>
  </reporter-output>
  <suite started-at="2025-09-10T11:27:10 EDT" name="Default suite" finished-at="2025-09-10T11:27:10 EDT" duration-ms="61">
    <groups>
    </groups>
    <test started-at="2025-09-10T11:27:10 EDT" name="Default test" finished-at="2025-09-10T11:27:10 EDT" duration-ms="61">
      <class name="streamExamples.R_Streams">
        <test-method signature="R_StreamsTest()[pri:0, instance:streamExamples.R_Streams@72057ecf]" started-at="2025-09-10T11:27:10 EDT" name="R_StreamsTest" finished-at="2025-09-10T11:27:10 EDT" duration-ms="28" status="PASS">
          <reporter-output>
          </reporter-output>
        </test-method> <!-- R_StreamsTest -->
      </class> <!-- streamExamples.R_Streams -->
    </test> <!-- Default test -->
  </suite> <!-- Default suite -->
</testng-results>
