<?xml version="1.0" encoding="UTF-8"?>
<testng-results ignored="0" total="1" passed="1" failed="0" skipped="0">
  <reporter-output>
  </reporter-output>
  <suite started-at="2024-10-09T20:44:54 EDT" name="Default suite" finished-at="2024-10-09T20:44:59 EDT" duration-ms="5671">
    <groups>
    </groups>
    <test started-at="2024-10-09T20:44:54 EDT" name="Default test" finished-at="2024-10-09T20:44:59 EDT" duration-ms="5671">
      <class name="streamExamples.A1_Streams_sorting">
        <test-method signature="A1_Streams_sortingTest()[pri:0, instance:streamExamples.A1_Streams_sorting@7714e963]" started-at="2024-10-09T20:44:54 EDT" name="A1_Streams_sortingTest" finished-at="2024-10-09T20:44:59 EDT" duration-ms="5634" status="PASS">
          <reporter-output>
          </reporter-output>
        </test-method> <!-- A1_Streams_sortingTest -->
      </class> <!-- streamExamples.A1_Streams_sorting -->
    </test> <!-- Default test -->
  </suite> <!-- Default suite -->
</testng-results>
